2026-01-03T10:40:51.598+07:00  INFO 17432 --- [winmartclonebe] [restartedMain] com.winmart.BackendApplication           : Starting BackendApplication using Java 21.0.8 with PID 17432 (D:\LearnWeb\Winmart_Clone_BE\target\classes started by TrungKien in D:\LearnWeb\Winmart_Clone_BE)
2026-01-03T10:40:51.603+07:00  INFO 17432 --- [winmartclonebe] [restartedMain] com.winmart.BackendApplication           : No active profile set, falling back to 1 default profile: "default"
2026-01-03T10:40:51.652+07:00  INFO 17432 --- [winmartclonebe] [restartedMain] .e.DevToolsPropertyDefaultsPostProcessor : Devtools property defaults active! Set 'spring.devtools.add-properties' to 'false' to disable
2026-01-03T10:40:51.652+07:00  INFO 17432 --- [winmartclonebe] [restartedMain] .e.DevToolsPropertyDefaultsPostProcessor : For additional web related logging consider setting the 'logging.level.web' property to 'DEBUG'
2026-01-03T10:40:52.262+07:00  INFO 17432 --- [winmartclonebe] [restartedMain] .s.d.r.c.RepositoryConfigurationDelegate : Bootstrapping Spring Data JPA repositories in DEFAULT mode.
2026-01-03T10:40:52.340+07:00  INFO 17432 --- [winmartclonebe] [restartedMain] .s.d.r.c.RepositoryConfigurationDelegate : Finished Spring Data repository scanning in 70 ms. Found 8 JPA repository interfaces.
2026-01-03T10:40:52.991+07:00  INFO 17432 --- [winmartclonebe] [restartedMain] o.s.b.w.embedded.tomcat.TomcatWebServer  : Tomcat initialized with port 8080 (http)
2026-01-03T10:40:53.005+07:00  INFO 17432 --- [winmartclonebe] [restartedMain] o.apache.catalina.core.StandardService   : Starting service [Tomcat]
2026-01-03T10:40:53.006+07:00  INFO 17432 --- [winmartclonebe] [restartedMain] o.apache.catalina.core.StandardEngine    : Starting Servlet engine: [Apache Tomcat/10.1.46]
2026-01-03T10:40:53.042+07:00  INFO 17432 --- [winmartclonebe] [restartedMain] o.a.c.c.C.[Tomcat].[localhost].[/]       : Initializing Spring embedded WebApplicationContext
2026-01-03T10:40:53.042+07:00  INFO 17432 --- [winmartclonebe] [restartedMain] w.s.c.ServletWebServerApplicationContext : Root WebApplicationContext: initialization completed in 1389 ms
2026-01-03T10:40:53.266+07:00  INFO 17432 --- [winmartclonebe] [restartedMain] o.hibernate.jpa.internal.util.LogHelper  : HHH000204: Processing PersistenceUnitInfo [name: default]
2026-01-03T10:40:53.382+07:00  INFO 17432 --- [winmartclonebe] [restartedMain] org.hibernate.Version                    : HHH000412: Hibernate ORM core version 6.6.29.Final
2026-01-03T10:40:53.467+07:00  INFO 17432 --- [winmartclonebe] [restartedMain] o.h.c.internal.RegionFactoryInitiator    : HHH000026: Second-level cache disabled
2026-01-03T10:40:53.935+07:00  INFO 17432 --- [winmartclonebe] [restartedMain] o.s.o.j.p.SpringPersistenceUnitInfo      : No LoadTimeWeaver setup: ignoring JPA class transformer
2026-01-03T10:40:53.971+07:00  INFO 17432 --- [winmartclonebe] [restartedMain] com.zaxxer.hikari.HikariDataSource       : HikariPool-1 - Starting...
2026-01-03T10:40:54.284+07:00  INFO 17432 --- [winmartclonebe] [restartedMain] com.zaxxer.hikari.pool.HikariPool        : HikariPool-1 - Added connection org.postgresql.jdbc.PgConnection@73a4d640
2026-01-03T10:40:54.285+07:00  INFO 17432 --- [winmartclonebe] [restartedMain] com.zaxxer.hikari.HikariDataSource       : HikariPool-1 - Start completed.
2026-01-03T10:40:54.422+07:00  INFO 17432 --- [winmartclonebe] [restartedMain] org.hibernate.orm.connections.pooling    : HHH10001005: Database info:
	Database JDBC URL [Connecting through datasource 'HikariDataSource (HikariPool-1)']
	Database driver: undefined/unknown
	Database version: 18.0
	Autocommit mode: undefined/unknown
	Isolation level: undefined/unknown
	Minimum pool size: undefined/unknown
	Maximum pool size: undefined/unknown
2026-01-03T10:40:54.860+07:00  WARN 17432 --- [winmartclonebe] [restartedMain] org.hibernate.mapping.RootClass          : HHH000038: Composite-id class does not override equals(): com.winmart.product.domain.PromotionPackagingId
2026-01-03T10:40:54.860+07:00  WARN 17432 --- [winmartclonebe] [restartedMain] org.hibernate.mapping.RootClass          : HHH000039: Composite-id class does not override hashCode(): com.winmart.product.domain.PromotionPackagingId
2026-01-03T10:40:55.566+07:00  INFO 17432 --- [winmartclonebe] [restartedMain] o.h.e.t.j.p.i.JtaPlatformInitiator       : HHH000489: No JTA platform available (set 'hibernate.transaction.jta.platform' to enable JTA platform integration)
2026-01-03T10:40:55.568+07:00  INFO 17432 --- [winmartclonebe] [restartedMain] j.LocalContainerEntityManagerFactoryBean : Initialized JPA EntityManagerFactory for persistence unit 'default'
2026-01-03T10:40:55.972+07:00  INFO 17432 --- [winmartclonebe] [restartedMain] r$InitializeUserDetailsManagerConfigurer : Global AuthenticationManager configured with UserDetailsService bean with name customUserDetailsService
2026-01-03T10:40:56.046+07:00  INFO 17432 --- [winmartclonebe] [restartedMain] o.s.d.j.r.query.QueryEnhancerFactory     : Hibernate is in classpath; If applicable, HQL parser will be used.
2026-01-03T10:40:57.343+07:00  WARN 17432 --- [winmartclonebe] [restartedMain] JpaBaseConfiguration$JpaWebConfiguration : spring.jpa.open-in-view is enabled by default. Therefore, database queries may be performed during view rendering. Explicitly configure spring.jpa.open-in-view to disable this warning
2026-01-03T10:40:57.746+07:00  INFO 17432 --- [winmartclonebe] [restartedMain] o.s.b.d.a.OptionalLiveReloadServer       : LiveReload server is running on port 35729
2026-01-03T10:40:57.770+07:00  INFO 17432 --- [winmartclonebe] [restartedMain] o.s.b.w.embedded.tomcat.TomcatWebServer  : Tomcat started on port 8080 (http) with context path '/'
2026-01-03T10:40:57.778+07:00  INFO 17432 --- [winmartclonebe] [restartedMain] com.winmart.BackendApplication           : Started BackendApplication in 6.584 seconds (process running for 6.983)
2026-01-03T10:40:57.781+07:00  INFO 17432 --- [winmartclonebe] [restartedMain] com.winmart.util.MyApplicationRunner     : 🚀 ApplicationRunner chạy sau khi Spring Boot start!
2026-01-03T10:40:57.782+07:00  INFO 17432 --- [winmartclonebe] [restartedMain] com.winmart.util.MyApplicationRunner     : Option names: []
2026-01-03T10:40:57.850+07:00  INFO 17432 --- [winmartclonebe] [http-nio-8080-exec-1] o.a.c.c.C.[Tomcat].[localhost].[/]       : Initializing Spring DispatcherServlet 'dispatcherServlet'
2026-01-03T10:40:57.850+07:00  INFO 17432 --- [winmartclonebe] [http-nio-8080-exec-1] o.s.web.servlet.DispatcherServlet        : Initializing Servlet 'dispatcherServlet'
2026-01-03T10:40:57.851+07:00  INFO 17432 --- [winmartclonebe] [http-nio-8080-exec-1] o.s.web.servlet.DispatcherServlet        : Completed initialization in 1 ms
2026-01-03T10:40:57.904+07:00  WARN 17432 --- [winmartclonebe] [http-nio-8080-exec-1] .w.s.m.a.ResponseStatusExceptionResolver : Resolved [org.springframework.web.server.ResponseStatusException: 401 UNAUTHORIZED]
2026-01-03T10:40:58.288+07:00  WARN 17432 --- [winmartclonebe] [http-nio-8080-exec-7] .w.s.m.a.ResponseStatusExceptionResolver : Resolved [org.springframework.web.server.ResponseStatusException: 401 UNAUTHORIZED]
2026-01-03T10:41:03.947+07:00  WARN 17432 --- [winmartclonebe] [http-nio-8080-exec-9] .w.s.m.s.DefaultHandlerExceptionResolver : Resolved [org.springframework.web.HttpRequestMethodNotSupportedException: Request method 'DELETE' is not supported]
2026-01-03T10:41:47.479+07:00  WARN 17432 --- [winmartclonebe] [http-nio-8080-exec-10] .w.s.m.s.DefaultHandlerExceptionResolver : Resolved [org.springframework.web.HttpRequestMethodNotSupportedException: Request method 'DELETE' is not supported]
2026-01-03T10:41:52.133+07:00  WARN 17432 --- [winmartclonebe] [http-nio-8080-exec-1] .w.s.m.s.DefaultHandlerExceptionResolver : Resolved [org.springframework.web.HttpRequestMethodNotSupportedException: Request method 'DELETE' is not supported]
2026-01-03T12:19:19.740+07:00  WARN 17432 --- [winmartclonebe] [http-nio-8080-exec-4] .w.s.m.a.ResponseStatusExceptionResolver : Resolved [org.springframework.web.server.ResponseStatusException: 401 UNAUTHORIZED]
2026-01-03T12:19:33.894+07:00  WARN 17432 --- [winmartclonebe] [http-nio-8080-exec-5] .w.s.m.a.ResponseStatusExceptionResolver : Resolved [org.springframework.web.server.ResponseStatusException: 401 UNAUTHORIZED]
2026-01-03T12:27:46.777+07:00  WARN 17432 --- [winmartclonebe] [http-nio-8080-exec-10] .w.s.m.s.DefaultHandlerExceptionResolver : Resolved [org.springframework.http.converter.HttpMessageNotReadableException: JSON parse error: Cannot deserialize value of type `java.util.UUID` from String "2": UUID has to be represented by standard 36-char representation]
2026-01-03T12:27:53.688+07:00  WARN 17432 --- [winmartclonebe] [http-nio-8080-exec-1] .w.s.m.s.DefaultHandlerExceptionResolver : Resolved [org.springframework.http.converter.HttpMessageNotReadableException: JSON parse error: Cannot deserialize value of type `java.util.UUID` from String "3": UUID has to be represented by standard 36-char representation]
2026-01-03T12:28:03.032+07:00  WARN 17432 --- [winmartclonebe] [http-nio-8080-exec-2] .w.s.m.a.ResponseStatusExceptionResolver : Resolved [org.springframework.web.server.ResponseStatusException: 401 UNAUTHORIZED]
2026-01-03T12:29:53.412+07:00  WARN 17432 --- [winmartclonebe] [http-nio-8080-exec-5] .w.s.m.a.ResponseStatusExceptionResolver : Resolved [org.springframework.web.server.ResponseStatusException: 401 UNAUTHORIZED]
2026-01-03T12:30:47.160+07:00  WARN 17432 --- [winmartclonebe] [http-nio-8080-exec-3] .w.s.m.a.ResponseStatusExceptionResolver : Resolved [org.springframework.web.server.ResponseStatusException: 401 UNAUTHORIZED]
2026-01-03T12:30:47.293+07:00  INFO 17432 --- [winmartclonebe] [http-nio-8080-exec-4] c.w.product.query.ProductQueryService    : getProductsByCategory slug=sua-cac-loai, order=null, brands=null
2026-01-03T12:30:49.137+07:00  INFO 17432 --- [winmartclonebe] [http-nio-8080-exec-10] c.w.product.query.ProductQueryService    : getProductsByCategory slug=sua-cac-loai, order=null, brands=vinamilk
2026-01-03T12:30:49.792+07:00  INFO 17432 --- [winmartclonebe] [http-nio-8080-exec-2] c.w.product.query.ProductQueryService    : getProductsByCategory slug=sua-cac-loai, order=null, brands=anchor,vinamilk
2026-01-03T12:30:50.791+07:00  INFO 17432 --- [winmartclonebe] [http-nio-8080-exec-1] c.w.product.query.ProductQueryService    : getProductsByCategory slug=sua-cac-loai, order=null, brands=anchor
2026-01-03T12:30:52.374+07:00  INFO 17432 --- [winmartclonebe] [http-nio-8080-exec-5] c.w.product.query.ProductQueryService    : getProductsByCategory slug=sua-dac, order=null, brands=null
2026-01-03T12:30:53.861+07:00  INFO 17432 --- [winmartclonebe] [http-nio-8080-exec-3] c.w.product.query.ProductQueryService    : getProductsByCategory slug=sua-bot, order=null, brands=null
2026-01-03T12:30:54.715+07:00  INFO 17432 --- [winmartclonebe] [http-nio-8080-exec-4] c.w.product.query.ProductQueryService    : getProductsByCategory slug=sua-hat-sua-dau, order=null, brands=null
2026-01-03T12:30:56.192+07:00  INFO 17432 --- [winmartclonebe] [http-nio-8080-exec-9] c.w.product.query.ProductQueryService    : getProductsByCategory slug=sua-tuoi, order=null, brands=null
2026-01-03T12:32:14.962+07:00  WARN 17432 --- [winmartclonebe] [http-nio-8080-exec-8] .w.s.m.a.ResponseStatusExceptionResolver : Resolved [org.springframework.web.server.ResponseStatusException: 404 NOT_FOUND "Cart item not found"]
2026-01-03T12:32:16.679+07:00  WARN 17432 --- [winmartclonebe] [http-nio-8080-exec-9] .w.s.m.a.ResponseStatusExceptionResolver : Resolved [org.springframework.web.server.ResponseStatusException: 404 NOT_FOUND "Cart item not found"]
2026-01-03T12:32:17.420+07:00  WARN 17432 --- [winmartclonebe] [http-nio-8080-exec-10] .w.s.m.a.ResponseStatusExceptionResolver : Resolved [org.springframework.web.server.ResponseStatusException: 404 NOT_FOUND "Cart item not found"]
2026-01-03T12:32:18.360+07:00  WARN 17432 --- [winmartclonebe] [http-nio-8080-exec-2] .w.s.m.a.ResponseStatusExceptionResolver : Resolved [org.springframework.web.server.ResponseStatusException: 404 NOT_FOUND "Cart item not found"]
2026-01-03T12:32:21.361+07:00  WARN 17432 --- [winmartclonebe] [http-nio-8080-exec-3] .w.s.m.s.DefaultHandlerExceptionResolver : Resolved [org.springframework.http.converter.HttpMessageNotReadableException: JSON parse error: Cannot deserialize value of type `java.util.UUID` from String "3": UUID has to be represented by standard 36-char representation]
2026-01-03T12:32:22.755+07:00  WARN 17432 --- [winmartclonebe] [http-nio-8080-exec-6] .w.s.m.s.DefaultHandlerExceptionResolver : Resolved [org.springframework.http.converter.HttpMessageNotReadableException: JSON parse error: Cannot deserialize value of type `java.util.UUID` from String "4": UUID has to be represented by standard 36-char representation]
2026-01-03T12:32:23.687+07:00  WARN 17432 --- [winmartclonebe] [http-nio-8080-exec-4] .w.s.m.s.DefaultHandlerExceptionResolver : Resolved [org.springframework.http.converter.HttpMessageNotReadableException: JSON parse error: Cannot deserialize value of type `java.util.UUID` from String "5": UUID has to be represented by standard 36-char representation]
2026-01-03T12:32:29.096+07:00  WARN 17432 --- [winmartclonebe] [http-nio-8080-exec-2] .w.s.m.s.DefaultHandlerExceptionResolver : Resolved [org.springframework.http.converter.HttpMessageNotReadableException: JSON parse error: Cannot deserialize value of type `java.util.UUID` from String "3": UUID has to be represented by standard 36-char representation]
2026-01-03T12:32:38.347+07:00  WARN 17432 --- [winmartclonebe] [http-nio-8080-exec-1] .w.s.m.s.DefaultHandlerExceptionResolver : Resolved [org.springframework.http.converter.HttpMessageNotReadableException: JSON parse error: Cannot deserialize value of type `java.util.UUID` from String "2": UUID has to be represented by standard 36-char representation]
2026-01-03T12:33:13.427+07:00  WARN 17432 --- [winmartclonebe] [http-nio-8080-exec-1] .w.s.m.a.ResponseStatusExceptionResolver : Resolved [org.springframework.web.server.ResponseStatusException: 401 UNAUTHORIZED]
2026-01-03T12:34:58.547+07:00  WARN 17432 --- [winmartclonebe] [http-nio-8080-exec-2] .w.s.m.a.ResponseStatusExceptionResolver : Resolved [org.springframework.web.server.ResponseStatusException: 401 UNAUTHORIZED]
2026-01-03T12:35:00.854+07:00  WARN 17432 --- [winmartclonebe] [http-nio-8080-exec-1] .w.s.m.a.ResponseStatusExceptionResolver : Resolved [org.springframework.web.server.ResponseStatusException: 401 UNAUTHORIZED]
2026-01-03T12:35:23.628+07:00  WARN 17432 --- [winmartclonebe] [http-nio-8080-exec-2] .w.s.m.a.ResponseStatusExceptionResolver : Resolved [org.springframework.web.server.ResponseStatusException: 401 UNAUTHORIZED]
2026-01-03T13:26:12.908+07:00  WARN 17432 --- [winmartclonebe] [http-nio-8080-exec-4] .w.s.m.a.ResponseStatusExceptionResolver : Resolved [org.springframework.web.server.ResponseStatusException: 401 UNAUTHORIZED]
2026-01-03T13:27:25.470+07:00  WARN 17432 --- [winmartclonebe] [http-nio-8080-exec-6] .w.s.m.a.ResponseStatusExceptionResolver : Resolved [org.springframework.web.server.ResponseStatusException: 401 UNAUTHORIZED]
2026-01-03T13:30:58.072+07:00  WARN 17432 --- [winmartclonebe] [http-nio-8080-exec-6] .w.s.m.a.ResponseStatusExceptionResolver : Resolved [org.springframework.web.server.ResponseStatusException: 401 UNAUTHORIZED]
2026-01-03T13:41:29.098+07:00  WARN 17432 --- [winmartclonebe] [http-nio-8080-exec-3] .w.s.m.a.ResponseStatusExceptionResolver : Resolved [org.springframework.web.server.ResponseStatusException: 401 UNAUTHORIZED]
2026-01-03T17:27:41.567+07:00  WARN 17432 --- [winmartclonebe] [http-nio-8080-exec-5] .w.s.m.a.ResponseStatusExceptionResolver : Resolved [org.springframework.web.server.ResponseStatusException: 401 UNAUTHORIZED]
